[debug] [2021-01-02T14:22:40.311Z] ----------------------------------------------------------------------
[debug] [2021-01-02T14:22:40.314Z] Command:       /usr/bin/node /usr/local/bin/firebase serve
[debug] [2021-01-02T14:22:40.314Z] CLI Version:   9.0.1
[debug] [2021-01-02T14:22:40.315Z] Platform:      linux
[debug] [2021-01-02T14:22:40.315Z] Node Version:  v10.21.0
[debug] [2021-01-02T14:22:40.315Z] Time:          Sat Jan 02 2021 19:52:40 GMT+0530 (India Standard Time)
[debug] [2021-01-02T14:22:40.315Z] ----------------------------------------------------------------------
[debug] [2021-01-02T14:22:40.315Z] 
[debug] [2021-01-02T14:22:40.323Z] > command requires scopes: ["email","openid","https://www.googleapis.com/auth/cloudplatformprojects.readonly","https://www.googleapis.com/auth/firebase","https://www.googleapis.com/auth/cloud-platform"]
[debug] [2021-01-02T14:22:40.323Z] > authorizing via signed-in user
[debug] [2021-01-02T14:22:40.324Z] [iam] checking project mis-roorkee for permissions ["firebase.projects.get"]
[debug] [2021-01-02T14:22:40.327Z] >>> HTTP REQUEST POST https://cloudresourcemanager.googleapis.com/v1/projects/mis-roorkee:testIamPermissions  
 {"permissions":["firebase.projects.get"]}
[debug] [2021-01-02T14:22:51.148Z] <<< HTTP RESPONSE 200 {"content-type":"application/json; charset=UTF-8","vary":"X-Origin, Referer, Origin,Accept-Encoding","date":"Sat, 02 Jan 2021 14:22:35 GMT","server":"ESF","cache-control":"private","x-xss-protection":"0","x-frame-options":"SAMEORIGIN","x-content-type-options":"nosniff","server-timing":"gfet4t7; dur=1230","alt-svc":"h3-29=\":443\"; ma=2592000,h3-T051=\":443\"; ma=2592000,h3-Q050=\":443\"; ma=2592000,h3-Q046=\":443\"; ma=2592000,h3-Q043=\":443\"; ma=2592000,quic=\":443\"; ma=2592000; v=\"46,43\"","accept-ranges":"none","transfer-encoding":"chunked"}
[debug] [2021-01-02T14:22:51.151Z] >>> HTTP REQUEST GET https://firebase.googleapis.com/v1beta1/projects/mis-roorkee  
 
[debug] [2021-01-02T14:22:52.613Z] <<< HTTP RESPONSE 200 {"content-type":"application/json; charset=UTF-8","vary":"X-Origin, Referer, Origin,Accept-Encoding","date":"Sat, 02 Jan 2021 14:22:38 GMT","server":"ESF","cache-control":"private","x-xss-protection":"0","x-frame-options":"SAMEORIGIN","x-content-type-options":"nosniff","alt-svc":"h3-29=\":443\"; ma=2592000,h3-T051=\":443\"; ma=2592000,h3-Q050=\":443\"; ma=2592000,h3-Q046=\":443\"; ma=2592000,h3-Q043=\":443\"; ma=2592000,quic=\":443\"; ma=2592000; v=\"46,43\"","accept-ranges":"none","transfer-encoding":"chunked"}
[info] 
[info] === Serving from '/home/alvin/Desktop/git-projects/mis-roorkee'...
[info] 
[debug] [2021-01-02T14:22:52.631Z] >>> HTTP REQUEST GET https://firebase.googleapis.com/v1beta1/projects/mis-roorkee/webApps/-/config  
 
[debug] [2021-01-02T14:22:56.297Z] <<< HTTP RESPONSE 200 {"content-type":"application/json; charset=UTF-8","vary":"X-Origin, Referer, Origin,Accept-Encoding","date":"Sat, 02 Jan 2021 14:22:42 GMT","server":"ESF","cache-control":"private","x-xss-protection":"0","x-frame-options":"SAMEORIGIN","x-content-type-options":"nosniff","alt-svc":"h3-29=\":443\"; ma=2592000,h3-T051=\":443\"; ma=2592000,h3-Q050=\":443\"; ma=2592000,h3-Q046=\":443\"; ma=2592000,h3-Q043=\":443\"; ma=2592000,quic=\":443\"; ma=2592000; v=\"46,43\"","accept-ranges":"none","transfer-encoding":"chunked"}
[info] i  hosting[mis-roorkee]: Serving hosting files from: build {"metadata":{"emulator":{"name":"hosting"},"message":"Serving hosting files from: \u001b[1mbuild\u001b[22m"}}
[info] ✔  hosting[mis-roorkee]: Local server: http://localhost:5000 {"metadata":{"emulator":{"name":"hosting"},"message":"Local server: \u001b[4m\u001b[1mhttp://localhost:5000\u001b[22m\u001b[24m"}}
